commit c84ab172a281fa149a6b9ad08162aa5ef9744c73
Author: Anthony Hoang <anthonyhoang3074@gmail.com>
Date:   Mon Aug 3 15:03:38 2020 -0500

    Finished first iteration of prototype: now must bugfix

commit 0d447ae51dc07b0d1c4c563d1498daf55345988b
Author: Anthony Hoang <anthonyhoang3074@gmail.com>
Date:   Sun Aug 2 15:00:10 2020 -0500

    Implemented Zonal effects for stat effects and implemented concrete move classes for better debugging / making small value changes to moves

commit 74882afc4e7db1f62929a46c8a966b76b438b3d9
Author: Anthony Hoang <anthonyhoang3074@gmail.com>
Date:   Fri Jul 31 15:20:33 2020 -0500

    Incorporated TimedEffectQueue to EntityStatus and implemented 'Agility' move

commit 2f2bcf0ba452048360c9e3704ef68a95da3b5e8d
Author: Anthony Hoang <anthonyhoang3074@gmail.com>
Date:   Thu Jul 30 16:13:35 2020 -0500

    Added infrastructure to support TimedEffects: Both status effects and stat effects

commit 2c58973826a102818b2ab1a76936b4aae4c98f87
Author: Anthony Hoang <anthonyhoang3074@gmail.com>
Date:   Wed Jul 29 16:36:43 2020 -0500

    Implemented FlameCharge in its entirety: includes refactoring knockback, unflinching flag, and channeling mechanics

commit d1193cb1ff378a9356468cae29096cc90d52f967
Author: Anthony Hoang <anthonyhoang3074@gmail.com>
Date:   Tue Jul 28 16:57:35 2020 -0500

    Implemented water pulse, hitbox priority, and protect

commit 1da6a84afed508e1e55b413c1d06822d17556c1b
Author: Anthony Hoang <anthonyhoang3074@gmail.com>
Date:   Mon Jul 27 14:37:42 2020 -0500

    Implemented aqua tail / quick attack and created DashMove apparatus

commit ae6558f03ce0b96bbdd10bbe8f17727291be931d
Author: Anthony Hoang <anthonyhoang3074@gmail.com>
Date:   Sun Jul 26 16:00:31 2020 -0500

    Generalized BulletSeed.cs --> BulletMove.cs, created new hitbox leading to the creation of the flame burst move

commit 1192abba8088d6bfcb338b50e103f81bbc258f31
Author: Anthony Hoang <anthonyhoang3074@gmail.com>
Date:   Thu Jul 23 11:27:02 2020 -0500

    Polished fighter-swapping UI for player

commit 933945d045c5035bbab862fbdf7231b7d2f3a6bb
Author: Anthony Hoang <anthonyhoang3074@gmail.com>
Date:   Tue Jul 21 15:21:16 2020 -0500

    Added basic UI methods for the player and got rid of Awake() and Update() methods from entity class

commit 37a3e5b543415730928ac1a9dcd6ed05025372e9
Author: Anthony Hoang <anthonyhoang3074@gmail.com>
Date:   Mon Jul 20 14:11:05 2020 -0500

    Completed basic functionality of deaths for assistFighter and mainFighter, added timer on assist move sequences

commit ffa589dd0b6b951512c96cddb59743279d6e05fa
Author: Anthony Hoang <anthonyhoang3074@gmail.com>
Date:   Sun Jul 19 14:22:31 2020 -0500

    Added assistmove cancel on enemy hit, small animation when swapping, and deaths concerning only main fighter

commit 8c4c8fdb4898642db5492a542a72ad3a49fee028
Author: Anthony Hoang <anthonyhoang3074@gmail.com>
Date:   Thu Jul 16 14:56:38 2020 -0500

    Implemented a VERY basic and simplistic version of assist moves

commit 51466e0ef603096a6c7904ee74afe7c0eecd7251
Author: Anthony Hoang <anthonyhoang3074@gmail.com>
Date:   Wed Jul 15 15:31:49 2020 -0500

    Tested movement() AbstractEnemy, moved player controller to allow control over 3 fighters, implemented very simple fighter switching, polish general UI

commit 8a6f80074b841bd5e03c7acdab9f79c90e907c30
Author: Anthony Hoang <anthonyhoang3074@gmail.com>
Date:   Mon Jul 13 14:34:07 2020 -0500

    Added executeEnemy methods to all moves, implemented AbstractEnemy with accompanying tgt sensor

commit bd064992a5c18f1c9cb7d78370fedc566a6982e5
Author: Anthony Hoang <anthonyhoang3074@gmail.com>
Date:   Sun Jul 12 14:50:41 2020 -0500

    implemented entity status UI, health / armor regen, and move inventory

commit 4be6e93ed95def05e62a0e38fec8256cf9170dc4
Author: Anthony Hoang <anthonyhoang3074@gmail.com>
Date:   Fri Jul 10 14:11:18 2020 -0500

    Implemented movement-speed scaling, armor, movement refactor to entity, and move knockback

commit ed71b47e402875ac5d8cdde5ec7d6e7baf8c414e
Author: Anthony Hoang <anthonyhoang3074@gmail.com>
Date:   Thu Jul 9 14:30:50 2020 -0500

    Finished implementing the basic 3 moves and added small window of invincibility upon getting hit

commit 61033fb61b6947fc86fd606aa0d1a3d6addb3d97
Author: Anthony Hoang <anthonyhoang3074@gmail.com>
Date:   Wed Jul 8 15:16:26 2020 -0500

    Set up movement-attacking interactions for player, set up a melee move and ammo move: hitboxes and movement during attacking is done for 2 moves

commit 964cba8b1289901c0e381f0fd22db2d711fbf39b
Author: Anthony Hoang <anthonyhoang3074@gmail.com>
Date:   Tue Jul 7 14:19:55 2020 -0500

    Set up the basis for EntityStatus and all abstract classes for moves

commit af5c0cff1aff172424586b226db8fc0bfc4d9ea2
Author: Anthony Hoang <anthonyhoang3074@gmail.com>
Date:   Mon Jul 6 15:36:33 2020 -0500

    Initial setup: did movement and set up IMove and EntityStatus

commit 171a85af8d1bcb95802f83b51d5da5637d4d112c
Author: Anthony Tan Hoang <46850303+ZauniteKoopa@users.noreply.github.com>
Date:   Mon Jul 6 12:26:01 2020 -0500

    Initial commit
